<?xml version="1.0" encoding="UTF-8"?>
<!-- Generated by org.testng.reporters.JUnitReportReporter -->
<testsuite hostname="hoaimt-desktop" failures="0" tests="1" name="SecondPackage.SecondClass" time="0.007" errors="0" timestamp="2023-03-15T15:13:45 ICT" skipped="0">
  <testcase classname="SecondPackage.SecondClass" name="f" time="0.007"/>
  <system-out/>
</testsuite> <!-- SecondPackage.SecondClass -->
