<?xml version="1.0" encoding="UTF-8"?>
<!-- Generated by org.testng.reporters.JUnitReportReporter -->
<testsuite hostname="hoaimt-desktop" failures="0" tests="1" name="FirstPackage.FirstClass" time="0.001" errors="0" timestamp="2023-03-15T15:13:45 ICT" skipped="0">
  <testcase classname="FirstPackage.FirstClass" name="firstMethod" time="0.001"/>
  <system-out/>
</testsuite> <!-- FirstPackage.FirstClass -->
