<?xml version="1.0" encoding="UTF-8"?>
<!-- Generated by org.testng.reporters.JUnitReportReporter -->
<testsuite hostname="VTCC-HOAIMT1" failures="0" tests="1" name="HoaiMT_vcheckin.api_cc.AddNewCategory" time="92.916" errors="0" timestamp="2024-03-26T15:27:06 ICT" skipped="0">
  <testcase classname="HoaiMT_vcheckin.api_cc.AddNewCategory" name="AddNew" time="92.916"/>
  <system-out/>
</testsuite> <!-- HoaiMT_vcheckin.api_cc.AddNewCategory -->
