<?xml version="1.0" encoding="UTF-8"?>
<!-- Generated by org.testng.reporters.JUnitReportReporter -->
<testsuite hostname="hoaimt-desktop" failures="0" tests="1" name="FirstPackage.SecondClass" time="0.005" errors="0" timestamp="2023-03-14T15:29:16 ICT" skipped="0">
  <testcase classname="FirstPackage.SecondClass" name="f" time="0.005"/>
  <system-out/>
</testsuite> <!-- FirstPackage.SecondClass -->
