<?xml version="1.0" encoding="UTF-8"?>
<!-- Generated by org.testng.reporters.JUnitReportReporter -->
<testsuite hostname="hoaimt-desktop" failures="0" tests="1" name="HoaiMT_vcheckin.Login_admin" time="14.709" errors="0" timestamp="2023-05-23T11:20:02 ICT" skipped="0">
  <testcase classname="HoaiMT_vcheckin.Login_admin" name="login_test" time="14.709"/>
  <system-out/>
</testsuite> <!-- HoaiMT_vcheckin.Login_admin -->
