<?xml version="1.0" encoding="UTF-8"?>
<!-- Generated by org.testng.reporters.JUnitReportReporter -->
<testsuite hostname="hoaimt-desktop" failures="0" tests="4" name="vcheckin.FirstPackage.FirstClass" time="0.008" errors="0" timestamp="2023-03-16T13:59:32 ICT" skipped="0">
  <testcase classname="vcheckin.FirstPackage.FirstClass" name="SecondMethod" time="0.001"/>
  <system-out/>
  <testcase classname="vcheckin.FirstPackage.FirstClass" name="SecondMethod" time="0.006"/>
  <system-out/>
  <testcase classname="vcheckin.FirstPackage.FirstClass" name="firstMethod" time="0.000"/>
  <system-out/>
  <testcase classname="vcheckin.FirstPackage.FirstClass" name="firstMethod" time="0.001"/>
  <system-out/>
</testsuite> <!-- vcheckin.FirstPackage.FirstClass -->
