<?xml version="1.0" encoding="UTF-8"?>
<!-- Generated by org.testng.reporters.JUnitReportReporter -->
<testsuite hostname="hoaimt-desktop" failures="0" tests="1" name="FirstTestNGFile.Login_admin" time="2.247" errors="0" timestamp="2023-03-16T11:34:23 ICT" skipped="0">
  <testcase classname="FirstTestNGFile.Login_admin" name="login_test" time="2.247"/>
  <system-out/>
</testsuite> <!-- FirstTestNGFile.Login_admin -->
