<?xml version="1.0" encoding="UTF-8"?>
<!-- Generated by org.testng.reporters.JUnitReportReporter -->
<testsuite hostname="hoaimt-desktop" failures="0" tests="1" name="FirstTestNGFile.FirstTestNGFile" time="4.214" errors="0" timestamp="2023-03-14T11:10:08 ICT" skipped="0">
  <testcase classname="FirstTestNGFile.FirstTestNGFile" name="one" time="4.214"/>
  <system-out/>
</testsuite> <!-- FirstTestNGFile.FirstTestNGFile -->
