<?xml version="1.0" encoding="UTF-8"?>
<!-- Generated by org.testng.reporters.JUnitReportReporter -->
<testsuite hostname="VTCC-HOAIMT1" failures="0" tests="2" name="HoaiMT_vcheckin.api_cc.Role" time="35.516" errors="0" timestamp="2024-03-26T14:48:13 ICT" skipped="0">
  <testcase classname="HoaiMT_vcheckin.api_cc.Role" name="ValidateSearch" time="26.998"/>
  <system-out/>
  <testcase classname="HoaiMT_vcheckin.api_cc.Role" name="addRole" time="8.518"/>
  <system-out/>
</testsuite> <!-- HoaiMT_vcheckin.api_cc.Role -->
