<?xml version="1.0" encoding="UTF-8"?>
<!-- Generated by org.testng.reporters.JUnitReportReporter -->
<testsuite hostname="hoaimt-desktop" failures="0" tests="1" name="vcheckin.ThirdPackage.FirstClass" time="0.000" errors="0" timestamp="2023-03-16T13:59:32 ICT" skipped="0">
  <testcase classname="vcheckin.ThirdPackage.FirstClass" name="f" time="0.000"/>
  <system-out/>
</testsuite> <!-- vcheckin.ThirdPackage.FirstClass -->
